{
  "C:/Users/Max/Documents/git/react-rss/src/components/Header.tsx": {
    "path": "C:/Users/Max/Documents/git/react-rss/src/components/Header.tsx",
    "statementMap": {
      "0": {
        "start": {
          "line": 5,
          "column": 0
        },
        "end": {
          "line": 15,
          "column": 1
        }
      },
      "1": {
        "start": {
          "line": 6,
          "column": 2
        },
        "end": {
          "line": 8,
          "column": 3
        }
      },
      "2": {
        "start": {
          "line": 7,
          "column": 4
        },
        "end": {
          "line": 7,
          "column": 165
        }
      },
      "3": {
        "start": {
          "line": 9,
          "column": 2
        },
        "end": {
          "line": 9,
          "column": 39
        }
      },
      "4": {
        "start": {
          "line": 10,
          "column": 2
        },
        "end": {
          "line": 10,
          "column": 39
        }
      },
      "5": {
        "start": {
          "line": 11,
          "column": 2
        },
        "end": {
          "line": 13,
          "column": 4
        }
      },
      "6": {
        "start": {
          "line": 12,
          "column": 4
        },
        "end": {
          "line": 12,
          "column": 106
        }
      },
      "7": {
        "start": {
          "line": 14,
          "column": 2
        },
        "end": {
          "line": 14,
          "column": 75
        }
      },
      "8": {
        "start": {
          "line": 18,
          "column": 2
        },
        "end": {
          "line": 61,
          "column": 11
        }
      },
      "9": {
        "start": {
          "line": 21,
          "column": 10
        },
        "end": {
          "line": 24,
          "column": 10
        }
      },
      "10": {
        "start": {
          "line": 31,
          "column": 10
        },
        "end": {
          "line": 34,
          "column": 10
        }
      },
      "11": {
        "start": {
          "line": 41,
          "column": 10
        },
        "end": {
          "line": 44,
          "column": 10
        }
      },
      "12": {
        "start": {
          "line": 63,
          "column": 0
        },
        "end": {
          "line": 63,
          "column": 12
        }
      },
      "13": {
        "start": {
          "line": 66,
          "column": 0
        },
        "end": {
          "line": 66,
          "column": 27
        }
      },
      "14": {
        "start": {
          "line": 67,
          "column": 0
        },
        "end": {
          "line": 83,
          "column": 1
        }
      },
      "15": {
        "start": {
          "line": 68,
          "column": 2
        },
        "end": {
          "line": 68,
          "column": 39
        }
      },
      "16": {
        "start": {
          "line": 69,
          "column": 2
        },
        "end": {
          "line": 69,
          "column": 39
        }
      },
      "17": {
        "start": {
          "line": 70,
          "column": 2
        },
        "end": {
          "line": 82,
          "column": 5
        }
      },
      "18": {
        "start": {
          "line": 74,
          "column": 4
        },
        "end": {
          "line": 74,
          "column": 132
        }
      },
      "19": {
        "start": {
          "line": 75,
          "column": 4
        },
        "end": {
          "line": 81,
          "column": 7
        }
      },
      "20": {
        "start": {
          "line": 76,
          "column": 6
        },
        "end": {
          "line": 77,
          "column": 15
        }
      },
      "21": {
        "start": {
          "line": 77,
          "column": 8
        },
        "end": {
          "line": 77,
          "column": 15
        }
      },
      "22": {
        "start": {
          "line": 78,
          "column": 32
        },
        "end": {
          "line": 78,
          "column": 115
        }
      },
      "23": {
        "start": {
          "line": 79,
          "column": 6
        },
        "end": {
          "line": 80,
          "column": 54
        }
      },
      "24": {
        "start": {
          "line": 80,
          "column": 8
        },
        "end": {
          "line": 80,
          "column": 54
        }
      }
    },
    "fnMap": {
      "0": {
        "name": "(anonymous_0)",
        "decl": {
          "start": {
            "line": 11,
            "column": 24
          },
          "end": {
            "line": 11,
            "column": 25
          }
        },
        "loc": {
          "start": {
            "line": 11,
            "column": 38
          },
          "end": {
            "line": 13,
            "column": 3
          }
        },
        "line": 11
      },
      "1": {
        "name": "Header",
        "decl": {
          "start": {
            "line": 17,
            "column": 9
          },
          "end": {
            "line": 17,
            "column": 15
          }
        },
        "loc": {
          "start": {
            "line": 17,
            "column": 18
          },
          "end": {
            "line": 62,
            "column": 1
          }
        },
        "line": 17
      },
      "2": {
        "name": "(anonymous_2)",
        "decl": {
          "start": {
            "line": 19,
            "column": 54
          },
          "end": {
            "line": 19,
            "column": 55
          }
        },
        "loc": {
          "start": {
            "line": 21,
            "column": 10
          },
          "end": {
            "line": 24,
            "column": 10
          }
        },
        "line": 21
      },
      "3": {
        "name": "(anonymous_3)",
        "decl": {
          "start": {
            "line": 29,
            "column": 58
          },
          "end": {
            "line": 29,
            "column": 59
          }
        },
        "loc": {
          "start": {
            "line": 31,
            "column": 10
          },
          "end": {
            "line": 34,
            "column": 10
          }
        },
        "line": 31
      },
      "4": {
        "name": "(anonymous_4)",
        "decl": {
          "start": {
            "line": 39,
            "column": 59
          },
          "end": {
            "line": 39,
            "column": 60
          }
        },
        "loc": {
          "start": {
            "line": 41,
            "column": 10
          },
          "end": {
            "line": 44,
            "column": 10
          }
        },
        "line": 41
      },
      "5": {
        "name": "(anonymous_5)",
        "decl": {
          "start": {
            "line": 73,
            "column": 9
          },
          "end": {
            "line": 73,
            "column": 10
          }
        },
        "loc": {
          "start": {
            "line": 73,
            "column": 29
          },
          "end": {
            "line": 82,
            "column": 3
          }
        },
        "line": 73
      },
      "6": {
        "name": "(anonymous_6)",
        "decl": {
          "start": {
            "line": 75,
            "column": 27
          },
          "end": {
            "line": 75,
            "column": 28
          }
        },
        "loc": {
          "start": {
            "line": 75,
            "column": 44
          },
          "end": {
            "line": 81,
            "column": 5
          }
        },
        "line": 75
      }
    },
    "branchMap": {
      "0": {
        "loc": {
          "start": {
            "line": 5,
            "column": 0
          },
          "end": {
            "line": 15,
            "column": 1
          }
        },
        "type": "if",
        "locations": [
          {
            "start": {
              "line": 5,
              "column": 0
            },
            "end": {
              "line": 15,
              "column": 1
            }
          },
          {
            "start": {},
            "end": {}
          }
        ],
        "line": 5
      },
      "1": {
        "loc": {
          "start": {
            "line": 6,
            "column": 2
          },
          "end": {
            "line": 8,
            "column": 3
          }
        },
        "type": "if",
        "locations": [
          {
            "start": {
              "line": 6,
              "column": 2
            },
            "end": {
              "line": 8,
              "column": 3
            }
          },
          {
            "start": {},
            "end": {}
          }
        ],
        "line": 6
      },
      "2": {
        "loc": {
          "start": {
            "line": 21,
            "column": 10
          },
          "end": {
            "line": 24,
            "column": 10
          }
        },
        "type": "cond-expr",
        "locations": [
          {
            "start": {
              "line": 21,
              "column": 21
            },
            "end": {
              "line": 24,
              "column": 5
            }
          },
          {
            "start": {
              "line": 24,
              "column": 8
            },
            "end": {
              "line": 24,
              "column": 10
            }
          }
        ],
        "line": 21
      },
      "3": {
        "loc": {
          "start": {
            "line": 31,
            "column": 10
          },
          "end": {
            "line": 34,
            "column": 10
          }
        },
        "type": "cond-expr",
        "locations": [
          {
            "start": {
              "line": 31,
              "column": 21
            },
            "end": {
              "line": 34,
              "column": 5
            }
          },
          {
            "start": {
              "line": 34,
              "column": 8
            },
            "end": {
              "line": 34,
              "column": 10
            }
          }
        ],
        "line": 31
      },
      "4": {
        "loc": {
          "start": {
            "line": 41,
            "column": 10
          },
          "end": {
            "line": 44,
            "column": 10
          }
        },
        "type": "cond-expr",
        "locations": [
          {
            "start": {
              "line": 41,
              "column": 21
            },
            "end": {
              "line": 44,
              "column": 5
            }
          },
          {
            "start": {
              "line": 44,
              "column": 8
            },
            "end": {
              "line": 44,
              "column": 10
            }
          }
        ],
        "line": 41
      },
      "5": {
        "loc": {
          "start": {
            "line": 67,
            "column": 0
          },
          "end": {
            "line": 83,
            "column": 1
          }
        },
        "type": "if",
        "locations": [
          {
            "start": {
              "line": 67,
              "column": 0
            },
            "end": {
              "line": 83,
              "column": 1
            }
          },
          {
            "start": {},
            "end": {}
          }
        ],
        "line": 67
      },
      "6": {
        "loc": {
          "start": {
            "line": 76,
            "column": 6
          },
          "end": {
            "line": 77,
            "column": 15
          }
        },
        "type": "if",
        "locations": [
          {
            "start": {
              "line": 76,
              "column": 6
            },
            "end": {
              "line": 77,
              "column": 15
            }
          },
          {
            "start": {},
            "end": {}
          }
        ],
        "line": 76
      },
      "7": {
        "loc": {
          "start": {
            "line": 79,
            "column": 6
          },
          "end": {
            "line": 80,
            "column": 54
          }
        },
        "type": "if",
        "locations": [
          {
            "start": {
              "line": 79,
              "column": 6
            },
            "end": {
              "line": 80,
              "column": 54
            }
          },
          {
            "start": {},
            "end": {}
          }
        ],
        "line": 79
      }
    },
    "s": {
      "0": 86,
      "1": 86,
      "2": 0,
      "3": 86,
      "4": 86,
      "5": 86,
      "6": 86,
      "7": 86,
      "8": 261,
      "9": 261,
      "10": 261,
      "11": 261,
      "12": 86,
      "13": 86,
      "14": 86,
      "15": 86,
      "16": 86,
      "17": 86,
      "18": 66,
      "19": 66,
      "20": 0,
      "21": 0,
      "22": 0,
      "23": 0,
      "24": 0
    },
    "f": {
      "0": 86,
      "1": 261,
      "2": 261,
      "3": 261,
      "4": 261,
      "5": 66,
      "6": 0
    },
    "b": {
      "0": [
        86,
        0
      ],
      "1": [
        0,
        86
      ],
      "2": [
        217,
        44
      ],
      "3": [
        36,
        225
      ],
      "4": [
        4,
        257
      ],
      "5": [
        86,
        0
      ],
      "6": [
        0,
        0
      ],
      "7": [
        0,
        0
      ]
    },
    "inputSourceMap": {
      "version": 3,
      "mappings": "AAII,mBAGM,cAHN;AAJJ,2BAAwB;AAAkB;AAAA;AAAA;AAAA;AAAA;AAAA;AAAA;AAAA;AAAA;AAAA;AAAA;AAAA;AAAA;AAAA;AAE1C,SAASA,SAAS;AAChB,SACE,mCACE,iCAAC,YAAO,WAAU,eAAc,eAAY,eAC1C,iCAAC,SAAI,WAAU,gBAAe,eAAY,qBACxC;AAAA,2BAAC,WACC,IAAG,KACH,OAAO,CAAC;AAAA,MAAEC;AAAAA,IAAS,MAAOA,WAAW;AAAA,MAAEC,gBAAgB;AAAA,MAAQC,OAAO;AAAA,IAAO,IAAI,CAAC,GAClF,eAAY,aACb,oBAJD;AAAA;AAAA;AAAA;AAAA,WAMA;AAAA,IACA,uBAAC,WACC,IAAG,SACH,OAAO,CAAC;AAAA,MAAEF;AAAAA,IAAS,MAAOA,WAAW;AAAA,MAAEC,gBAAgB;AAAA,MAAQC,OAAO;AAAA,IAAO,IAAI,CAAC,GAClF,eAAY,aACb,oBAJD;AAAA;AAAA;AAAA;AAAA,WAMA;AAAA,IACA,uBAAC,WACC,IAAG,UACH,OAAO,CAAC;AAAA,MAAEF;AAAAA,IAAS,MAAOA,WAAW;AAAA,MAAEC,gBAAgB;AAAA,MAAQC,OAAO;AAAA,IAAO,IAAI,CAAC,GAClF,eAAY,cACb,qBAJD;AAAA;AAAA;AAAA;AAAA,WAMA;AAAA,OArBF;AAAA;AAAA;AAAA;AAAA,SAsBA,KAvBF;AAAA;AAAA;AAAA;AAAA,SAwBA,KAzBF;AAAA;AAAA;AAAA;AAAA,SA0BA;AAEJ;AAACC,KA9BQJ;AAgCT,eAAeA;AAAO;AAAAK",
      "names": [
        "Header",
        "isActive",
        "textDecoration",
        "color",
        "_c",
        "$RefreshReg$"
      ],
      "sources": [
        "C:/Users/Max/Documents/git/react-rss/src/components/Header.tsx"
      ],
      "file": "C:/Users/Max/Documents/git/react-rss/src/components/Header.tsx"
    },
    "_coverageSchema": "1a1c01bbd47fc00a2c39e90264f33305004495a9",
    "hash": "0f31219aa412b0a36d9baee21c2096fb54b47c7a"
  },
  "C:/Users/Max/Documents/git/react-rss/src/components/Footer.tsx": {
    "path": "C:/Users/Max/Documents/git/react-rss/src/components/Footer.tsx",
    "statementMap": {
      "0": {
        "start": {
          "line": 5,
          "column": 0
        },
        "end": {
          "line": 15,
          "column": 1
        }
      },
      "1": {
        "start": {
          "line": 6,
          "column": 2
        },
        "end": {
          "line": 8,
          "column": 3
        }
      },
      "2": {
        "start": {
          "line": 7,
          "column": 4
        },
        "end": {
          "line": 7,
          "column": 165
        }
      },
      "3": {
        "start": {
          "line": 9,
          "column": 2
        },
        "end": {
          "line": 9,
          "column": 39
        }
      },
      "4": {
        "start": {
          "line": 10,
          "column": 2
        },
        "end": {
          "line": 10,
          "column": 39
        }
      },
      "5": {
        "start": {
          "line": 11,
          "column": 2
        },
        "end": {
          "line": 13,
          "column": 4
        }
      },
      "6": {
        "start": {
          "line": 12,
          "column": 4
        },
        "end": {
          "line": 12,
          "column": 106
        }
      },
      "7": {
        "start": {
          "line": 14,
          "column": 2
        },
        "end": {
          "line": 14,
          "column": 75
        }
      },
      "8": {
        "start": {
          "line": 19,
          "column": 2
        },
        "end": {
          "line": 55,
          "column": 11
        }
      },
      "9": {
        "start": {
          "line": 57,
          "column": 0
        },
        "end": {
          "line": 57,
          "column": 12
        }
      },
      "10": {
        "start": {
          "line": 60,
          "column": 0
        },
        "end": {
          "line": 60,
          "column": 27
        }
      },
      "11": {
        "start": {
          "line": 61,
          "column": 0
        },
        "end": {
          "line": 77,
          "column": 1
        }
      },
      "12": {
        "start": {
          "line": 62,
          "column": 2
        },
        "end": {
          "line": 62,
          "column": 39
        }
      },
      "13": {
        "start": {
          "line": 63,
          "column": 2
        },
        "end": {
          "line": 63,
          "column": 39
        }
      },
      "14": {
        "start": {
          "line": 64,
          "column": 2
        },
        "end": {
          "line": 76,
          "column": 5
        }
      },
      "15": {
        "start": {
          "line": 68,
          "column": 4
        },
        "end": {
          "line": 68,
          "column": 132
        }
      },
      "16": {
        "start": {
          "line": 69,
          "column": 4
        },
        "end": {
          "line": 75,
          "column": 7
        }
      },
      "17": {
        "start": {
          "line": 70,
          "column": 6
        },
        "end": {
          "line": 71,
          "column": 15
        }
      },
      "18": {
        "start": {
          "line": 71,
          "column": 8
        },
        "end": {
          "line": 71,
          "column": 15
        }
      },
      "19": {
        "start": {
          "line": 72,
          "column": 32
        },
        "end": {
          "line": 72,
          "column": 115
        }
      },
      "20": {
        "start": {
          "line": 73,
          "column": 6
        },
        "end": {
          "line": 74,
          "column": 54
        }
      },
      "21": {
        "start": {
          "line": 74,
          "column": 8
        },
        "end": {
          "line": 74,
          "column": 54
        }
      }
    },
    "fnMap": {
      "0": {
        "name": "(anonymous_0)",
        "decl": {
          "start": {
            "line": 11,
            "column": 24
          },
          "end": {
            "line": 11,
            "column": 25
          }
        },
        "loc": {
          "start": {
            "line": 11,
            "column": 38
          },
          "end": {
            "line": 13,
            "column": 3
          }
        },
        "line": 11
      },
      "1": {
        "name": "Footer",
        "decl": {
          "start": {
            "line": 18,
            "column": 9
          },
          "end": {
            "line": 18,
            "column": 15
          }
        },
        "loc": {
          "start": {
            "line": 18,
            "column": 18
          },
          "end": {
            "line": 56,
            "column": 1
          }
        },
        "line": 18
      },
      "2": {
        "name": "(anonymous_2)",
        "decl": {
          "start": {
            "line": 67,
            "column": 9
          },
          "end": {
            "line": 67,
            "column": 10
          }
        },
        "loc": {
          "start": {
            "line": 67,
            "column": 29
          },
          "end": {
            "line": 76,
            "column": 3
          }
        },
        "line": 67
      },
      "3": {
        "name": "(anonymous_3)",
        "decl": {
          "start": {
            "line": 69,
            "column": 27
          },
          "end": {
            "line": 69,
            "column": 28
          }
        },
        "loc": {
          "start": {
            "line": 69,
            "column": 44
          },
          "end": {
            "line": 75,
            "column": 5
          }
        },
        "line": 69
      }
    },
    "branchMap": {
      "0": {
        "loc": {
          "start": {
            "line": 5,
            "column": 0
          },
          "end": {
            "line": 15,
            "column": 1
          }
        },
        "type": "if",
        "locations": [
          {
            "start": {
              "line": 5,
              "column": 0
            },
            "end": {
              "line": 15,
              "column": 1
            }
          },
          {
            "start": {},
            "end": {}
          }
        ],
        "line": 5
      },
      "1": {
        "loc": {
          "start": {
            "line": 6,
            "column": 2
          },
          "end": {
            "line": 8,
            "column": 3
          }
        },
        "type": "if",
        "locations": [
          {
            "start": {
              "line": 6,
              "column": 2
            },
            "end": {
              "line": 8,
              "column": 3
            }
          },
          {
            "start": {},
            "end": {}
          }
        ],
        "line": 6
      },
      "2": {
        "loc": {
          "start": {
            "line": 61,
            "column": 0
          },
          "end": {
            "line": 77,
            "column": 1
          }
        },
        "type": "if",
        "locations": [
          {
            "start": {
              "line": 61,
              "column": 0
            },
            "end": {
              "line": 77,
              "column": 1
            }
          },
          {
            "start": {},
            "end": {}
          }
        ],
        "line": 61
      },
      "3": {
        "loc": {
          "start": {
            "line": 70,
            "column": 6
          },
          "end": {
            "line": 71,
            "column": 15
          }
        },
        "type": "if",
        "locations": [
          {
            "start": {
              "line": 70,
              "column": 6
            },
            "end": {
              "line": 71,
              "column": 15
            }
          },
          {
            "start": {},
            "end": {}
          }
        ],
        "line": 70
      },
      "4": {
        "loc": {
          "start": {
            "line": 73,
            "column": 6
          },
          "end": {
            "line": 74,
            "column": 54
          }
        },
        "type": "if",
        "locations": [
          {
            "start": {
              "line": 73,
              "column": 6
            },
            "end": {
              "line": 74,
              "column": 54
            }
          },
          {
            "start": {},
            "end": {}
          }
        ],
        "line": 73
      }
    },
    "s": {
      "0": 86,
      "1": 86,
      "2": 0,
      "3": 86,
      "4": 86,
      "5": 86,
      "6": 86,
      "7": 86,
      "8": 261,
      "9": 86,
      "10": 86,
      "11": 86,
      "12": 86,
      "13": 86,
      "14": 86,
      "15": 66,
      "16": 66,
      "17": 0,
      "18": 0,
      "19": 0,
      "20": 0,
      "21": 0
    },
    "f": {
      "0": 86,
      "1": 261,
      "2": 66,
      "3": 0
    },
    "b": {
      "0": [
        86,
        0
      ],
      "1": [
        0,
        86
      ],
      "2": [
        86,
        0
      ],
      "3": [
        0,
        0
      ],
      "4": [
        0,
        0
      ]
    },
    "inputSourceMap": {
      "version": 3,
      "mappings": "AAMI,mBASQ,cATR;AANJ,OAAOA,oBAAkB;AAAA;AAAA;AAAA;AAAA;AAAA;AAAA;AAAA;AAAA;AAAA;AAAA;AAAA;AAAA;AAAA;AACzB,OAAOC,YAAY;AACnB,OAAOC,iBAAiB;AAExB,SAASC,SAAS;AAChB,SACE,mCACE,iCAAC,YAAO,WAAU,UAAS,eAAY,eACrC,iCAAC,SAAI,WAAU,oBACb;AAAA,2BAAC,OACC,WAAU,eACV,MAAK,8BACL,QAAO,UACP,KAAI,cAEJ,iCAAC,SACC,WAAU,oBACV,eAAY,eACZ,KAAKF,QACL,KAAI,iBAJN;AAAA;AAAA;AAAA;AAAA,WAImB,KAVrB;AAAA;AAAA;AAAA;AAAA,WAYA;AAAA,IACA,uBAAC,OAAE,WAAU,cAAa,eAAY,cAAa,4BAAnD;AAAA;AAAA;AAAA;AAAA,WAEA;AAAA,IACA,uBAAC,OAAE,MAAK,yBAAwB,WAAU,eACxC,iCAAC,SAAI,WAAU,QAAO,eAAY,QAAO,KAAKC,aAAa,KAAI,oBAA/D;AAAA;AAAA;AAAA;AAAA,WAA+E,KADjF;AAAA;AAAA;AAAA;AAAA,WAEA;AAAA,OAnBF;AAAA;AAAA;AAAA;AAAA,SAoBA,KArBF;AAAA;AAAA;AAAA;AAAA,SAsBA,KAvBF;AAAA;AAAA;AAAA;AAAA,SAwBA;AAEJ;AAACE,KA5BQD;AA8BT,eAAeA;AAAO;AAAAE",
      "names": [
        "React",
        "github",
        "school_logo",
        "Footer",
        "_c",
        "$RefreshReg$"
      ],
      "sources": [
        "C:/Users/Max/Documents/git/react-rss/src/components/Footer.tsx"
      ],
      "file": "C:/Users/Max/Documents/git/react-rss/src/components/Footer.tsx"
    },
    "_coverageSchema": "1a1c01bbd47fc00a2c39e90264f33305004495a9",
    "hash": "593184e377956ead70beb4d59ee7f9743e336b81"
  },
  "C:/Users/Max/Documents/git/react-rss/src/pages/AboutPage.tsx": {
    "path": "C:/Users/Max/Documents/git/react-rss/src/pages/AboutPage.tsx",
    "statementMap": {
      "0": {
        "start": {
          "line": 5,
          "column": 0
        },
        "end": {
          "line": 15,
          "column": 1
        }
      },
      "1": {
        "start": {
          "line": 6,
          "column": 2
        },
        "end": {
          "line": 8,
          "column": 3
        }
      },
      "2": {
        "start": {
          "line": 7,
          "column": 4
        },
        "end": {
          "line": 7,
          "column": 165
        }
      },
      "3": {
        "start": {
          "line": 9,
          "column": 2
        },
        "end": {
          "line": 9,
          "column": 39
        }
      },
      "4": {
        "start": {
          "line": 10,
          "column": 2
        },
        "end": {
          "line": 10,
          "column": 39
        }
      },
      "5": {
        "start": {
          "line": 11,
          "column": 2
        },
        "end": {
          "line": 13,
          "column": 4
        }
      },
      "6": {
        "start": {
          "line": 12,
          "column": 4
        },
        "end": {
          "line": 12,
          "column": 104
        }
      },
      "7": {
        "start": {
          "line": 14,
          "column": 2
        },
        "end": {
          "line": 14,
          "column": 75
        }
      },
      "8": {
        "start": {
          "line": 19,
          "column": 2
        },
        "end": {
          "line": 50,
          "column": 11
        }
      },
      "9": {
        "start": {
          "line": 52,
          "column": 0
        },
        "end": {
          "line": 52,
          "column": 15
        }
      },
      "10": {
        "start": {
          "line": 55,
          "column": 0
        },
        "end": {
          "line": 55,
          "column": 30
        }
      },
      "11": {
        "start": {
          "line": 56,
          "column": 0
        },
        "end": {
          "line": 72,
          "column": 1
        }
      },
      "12": {
        "start": {
          "line": 57,
          "column": 2
        },
        "end": {
          "line": 57,
          "column": 39
        }
      },
      "13": {
        "start": {
          "line": 58,
          "column": 2
        },
        "end": {
          "line": 58,
          "column": 39
        }
      },
      "14": {
        "start": {
          "line": 59,
          "column": 2
        },
        "end": {
          "line": 71,
          "column": 5
        }
      },
      "15": {
        "start": {
          "line": 63,
          "column": 4
        },
        "end": {
          "line": 63,
          "column": 130
        }
      },
      "16": {
        "start": {
          "line": 64,
          "column": 4
        },
        "end": {
          "line": 70,
          "column": 7
        }
      },
      "17": {
        "start": {
          "line": 65,
          "column": 6
        },
        "end": {
          "line": 66,
          "column": 15
        }
      },
      "18": {
        "start": {
          "line": 66,
          "column": 8
        },
        "end": {
          "line": 66,
          "column": 15
        }
      },
      "19": {
        "start": {
          "line": 67,
          "column": 32
        },
        "end": {
          "line": 67,
          "column": 115
        }
      },
      "20": {
        "start": {
          "line": 68,
          "column": 6
        },
        "end": {
          "line": 69,
          "column": 54
        }
      },
      "21": {
        "start": {
          "line": 69,
          "column": 8
        },
        "end": {
          "line": 69,
          "column": 54
        }
      }
    },
    "fnMap": {
      "0": {
        "name": "(anonymous_0)",
        "decl": {
          "start": {
            "line": 11,
            "column": 24
          },
          "end": {
            "line": 11,
            "column": 25
          }
        },
        "loc": {
          "start": {
            "line": 11,
            "column": 38
          },
          "end": {
            "line": 13,
            "column": 3
          }
        },
        "line": 11
      },
      "1": {
        "name": "AboutPage",
        "decl": {
          "start": {
            "line": 18,
            "column": 9
          },
          "end": {
            "line": 18,
            "column": 18
          }
        },
        "loc": {
          "start": {
            "line": 18,
            "column": 21
          },
          "end": {
            "line": 51,
            "column": 1
          }
        },
        "line": 18
      },
      "2": {
        "name": "(anonymous_2)",
        "decl": {
          "start": {
            "line": 62,
            "column": 9
          },
          "end": {
            "line": 62,
            "column": 10
          }
        },
        "loc": {
          "start": {
            "line": 62,
            "column": 29
          },
          "end": {
            "line": 71,
            "column": 3
          }
        },
        "line": 62
      },
      "3": {
        "name": "(anonymous_3)",
        "decl": {
          "start": {
            "line": 64,
            "column": 27
          },
          "end": {
            "line": 64,
            "column": 28
          }
        },
        "loc": {
          "start": {
            "line": 64,
            "column": 44
          },
          "end": {
            "line": 70,
            "column": 5
          }
        },
        "line": 64
      }
    },
    "branchMap": {
      "0": {
        "loc": {
          "start": {
            "line": 5,
            "column": 0
          },
          "end": {
            "line": 15,
            "column": 1
          }
        },
        "type": "if",
        "locations": [
          {
            "start": {
              "line": 5,
              "column": 0
            },
            "end": {
              "line": 15,
              "column": 1
            }
          },
          {
            "start": {},
            "end": {}
          }
        ],
        "line": 5
      },
      "1": {
        "loc": {
          "start": {
            "line": 6,
            "column": 2
          },
          "end": {
            "line": 8,
            "column": 3
          }
        },
        "type": "if",
        "locations": [
          {
            "start": {
              "line": 6,
              "column": 2
            },
            "end": {
              "line": 8,
              "column": 3
            }
          },
          {
            "start": {},
            "end": {}
          }
        ],
        "line": 6
      },
      "2": {
        "loc": {
          "start": {
            "line": 56,
            "column": 0
          },
          "end": {
            "line": 72,
            "column": 1
          }
        },
        "type": "if",
        "locations": [
          {
            "start": {
              "line": 56,
              "column": 0
            },
            "end": {
              "line": 72,
              "column": 1
            }
          },
          {
            "start": {},
            "end": {}
          }
        ],
        "line": 56
      },
      "3": {
        "loc": {
          "start": {
            "line": 65,
            "column": 6
          },
          "end": {
            "line": 66,
            "column": 15
          }
        },
        "type": "if",
        "locations": [
          {
            "start": {
              "line": 65,
              "column": 6
            },
            "end": {
              "line": 66,
              "column": 15
            }
          },
          {
            "start": {},
            "end": {}
          }
        ],
        "line": 65
      },
      "4": {
        "loc": {
          "start": {
            "line": 68,
            "column": 6
          },
          "end": {
            "line": 69,
            "column": 54
          }
        },
        "type": "if",
        "locations": [
          {
            "start": {
              "line": 68,
              "column": 6
            },
            "end": {
              "line": 69,
              "column": 54
            }
          },
          {
            "start": {},
            "end": {}
          }
        ],
        "line": 68
      }
    },
    "s": {
      "0": 86,
      "1": 86,
      "2": 0,
      "3": 86,
      "4": 86,
      "5": 86,
      "6": 86,
      "7": 86,
      "8": 4,
      "9": 86,
      "10": 86,
      "11": 86,
      "12": 86,
      "13": 86,
      "14": 86,
      "15": 66,
      "16": 66,
      "17": 0,
      "18": 0,
      "19": 0,
      "20": 0,
      "21": 0
    },
    "f": {
      "0": 86,
      "1": 4,
      "2": 66,
      "3": 0
    },
    "b": {
      "0": [
        86,
        0
      ],
      "1": [
        0,
        86
      ],
      "2": [
        86,
        0
      ],
      "3": [
        0,
        0
      ],
      "4": [
        0,
        0
      ]
    },
    "inputSourceMap": {
      "version": 3,
      "mappings": "AAMI,mBACE,cADF;AANJ,OAAOA,oBAAkB;AAAA;AAAA;AAAA;AAAA;AAAA;AAAA;AAAA;AAAA;AAAA;AAAA;AAAA;AAAA;AAAA;AACzB,OAAOC,YAAY;AACnB,OAAOC,YAAY;AAEnB,SAASC,YAAY;AACnB,SACE,mCACE;AAAA,2BAAC,YAAD;AAAA;AAAA;AAAA;AAAA,WAAO;AAAA,IACP,uBAAC,SAAI,WAAU,QACb;AAAA,6BAAC,QAAG,eAAY,YAAW,6BAA3B;AAAA;AAAA;AAAA;AAAA,aAAwC;AAAA,MACxC,uBAAC,OAAE,eAAY,WAAU,yMAAzB;AAAA;AAAA;AAAA;AAAA,aAIA;AAAA,SANF;AAAA;AAAA;AAAA;AAAA,WAOA;AAAA,IACA,uBAAC,YAAD;AAAA;AAAA;AAAA;AAAA,WAAO;AAAA,OAVT;AAAA;AAAA;AAAA;AAAA,SAWA;AAEJ;AAACC,KAfQD;AAiBT,eAAeA;AAAU;AAAAE",
      "names": [
        "React",
        "Header",
        "Footer",
        "AboutPage",
        "_c",
        "$RefreshReg$"
      ],
      "sources": [
        "C:/Users/Max/Documents/git/react-rss/src/pages/AboutPage.tsx"
      ],
      "file": "C:/Users/Max/Documents/git/react-rss/src/pages/AboutPage.tsx"
    },
    "_coverageSchema": "1a1c01bbd47fc00a2c39e90264f33305004495a9",
    "hash": "74e854410c8776e15c709c8bd79c89aeb1b372ab"
  },
  "C:/Users/Max/Documents/git/react-rss/src/components/Card.tsx": {
    "path": "C:/Users/Max/Documents/git/react-rss/src/components/Card.tsx",
    "statementMap": {
      "0": {
        "start": {
          "line": 5,
          "column": 0
        },
        "end": {
          "line": 15,
          "column": 1
        }
      },
      "1": {
        "start": {
          "line": 6,
          "column": 2
        },
        "end": {
          "line": 8,
          "column": 3
        }
      },
      "2": {
        "start": {
          "line": 7,
          "column": 4
        },
        "end": {
          "line": 7,
          "column": 165
        }
      },
      "3": {
        "start": {
          "line": 9,
          "column": 2
        },
        "end": {
          "line": 9,
          "column": 39
        }
      },
      "4": {
        "start": {
          "line": 10,
          "column": 2
        },
        "end": {
          "line": 10,
          "column": 39
        }
      },
      "5": {
        "start": {
          "line": 11,
          "column": 2
        },
        "end": {
          "line": 13,
          "column": 4
        }
      },
      "6": {
        "start": {
          "line": 12,
          "column": 4
        },
        "end": {
          "line": 12,
          "column": 104
        }
      },
      "7": {
        "start": {
          "line": 14,
          "column": 2
        },
        "end": {
          "line": 14,
          "column": 75
        }
      },
      "8": {
        "start": {
          "line": 16,
          "column": 9
        },
        "end": {
          "line": 16,
          "column": 23
        }
      },
      "9": {
        "start": {
          "line": 30,
          "column": 2
        },
        "end": {
          "line": 30,
          "column": 7
        }
      },
      "10": {
        "start": {
          "line": 31,
          "column": 28
        },
        "end": {
          "line": 31,
          "column": 39
        }
      },
      "11": {
        "start": {
          "line": 32,
          "column": 28
        },
        "end": {
          "line": 32,
          "column": 39
        }
      },
      "12": {
        "start": {
          "line": 33,
          "column": 26
        },
        "end": {
          "line": 33,
          "column": 41
        }
      },
      "13": {
        "start": {
          "line": 34,
          "column": 32
        },
        "end": {
          "line": 34,
          "column": 47
        }
      },
      "14": {
        "start": {
          "line": 35,
          "column": 34
        },
        "end": {
          "line": 35,
          "column": 49
        }
      },
      "15": {
        "start": {
          "line": 36,
          "column": 24
        },
        "end": {
          "line": 36,
          "column": 51
        }
      },
      "16": {
        "start": {
          "line": 37,
          "column": 23
        },
        "end": {
          "line": 37,
          "column": 49
        }
      },
      "17": {
        "start": {
          "line": 38,
          "column": 26
        },
        "end": {
          "line": 38,
          "column": 55
        }
      },
      "18": {
        "start": {
          "line": 39,
          "column": 24
        },
        "end": {
          "line": 39,
          "column": 51
        }
      },
      "19": {
        "start": {
          "line": 40,
          "column": 23
        },
        "end": {
          "line": 40,
          "column": 49
        }
      },
      "20": {
        "start": {
          "line": 41,
          "column": 19
        },
        "end": {
          "line": 41,
          "column": 35
        }
      },
      "21": {
        "start": {
          "line": 42,
          "column": 28
        },
        "end": {
          "line": 67,
          "column": 47
        }
      },
      "22": {
        "start": {
          "line": 43,
          "column": 19
        },
        "end": {
          "line": 43,
          "column": 24
        }
      },
      "23": {
        "start": {
          "line": 44,
          "column": 4
        },
        "end": {
          "line": 49,
          "column": 5
        }
      },
      "24": {
        "start": {
          "line": 45,
          "column": 20
        },
        "end": {
          "line": 45,
          "column": 47
        }
      },
      "25": {
        "start": {
          "line": 46,
          "column": 6
        },
        "end": {
          "line": 48,
          "column": 7
        }
      },
      "26": {
        "start": {
          "line": 47,
          "column": 8
        },
        "end": {
          "line": 47,
          "column": 25
        }
      },
      "27": {
        "start": {
          "line": 50,
          "column": 19
        },
        "end": {
          "line": 50,
          "column": 35
        }
      },
      "28": {
        "start": {
          "line": 51,
          "column": 20
        },
        "end": {
          "line": 51,
          "column": 25
        }
      },
      "29": {
        "start": {
          "line": 52,
          "column": 4
        },
        "end": {
          "line": 57,
          "column": 5
        }
      },
      "30": {
        "start": {
          "line": 53,
          "column": 21
        },
        "end": {
          "line": 53,
          "column": 48
        }
      },
      "31": {
        "start": {
          "line": 54,
          "column": 6
        },
        "end": {
          "line": 56,
          "column": 7
        }
      },
      "32": {
        "start": {
          "line": 55,
          "column": 8
        },
        "end": {
          "line": 55,
          "column": 27
        }
      },
      "33": {
        "start": {
          "line": 58,
          "column": 19
        },
        "end": {
          "line": 58,
          "column": 36
        }
      },
      "34": {
        "start": {
          "line": 59,
          "column": 4
        },
        "end": {
          "line": 61,
          "column": 5
        }
      },
      "35": {
        "start": {
          "line": 60,
          "column": 6
        },
        "end": {
          "line": 60,
          "column": 27
        }
      },
      "36": {
        "start": {
          "line": 62,
          "column": 4
        },
        "end": {
          "line": 62,
          "column": 21
        }
      },
      "37": {
        "start": {
          "line": 63,
          "column": 4
        },
        "end": {
          "line": 65,
          "column": 5
        }
      },
      "38": {
        "start": {
          "line": 64,
          "column": 6
        },
        "end": {
          "line": 64,
          "column": 29
        }
      },
      "39": {
        "start": {
          "line": 66,
          "column": 4
        },
        "end": {
          "line": 66,
          "column": 21
        }
      },
      "40": {
        "start": {
          "line": 68,
          "column": 26
        },
        "end": {
          "line": 77,
          "column": 3
        }
      },
      "41": {
        "start": {
          "line": 69,
          "column": 4
        },
        "end": {
          "line": 69,
          "column": 25
        }
      },
      "42": {
        "start": {
          "line": 70,
          "column": 4
        },
        "end": {
          "line": 75,
          "column": 5
        }
      },
      "43": {
        "start": {
          "line": 71,
          "column": 6
        },
        "end": {
          "line": 73,
          "column": 7
        }
      },
      "44": {
        "start": {
          "line": 72,
          "column": 8
        },
        "end": {
          "line": 72,
          "column": 40
        }
      },
      "45": {
        "start": {
          "line": 74,
          "column": 6
        },
        "end": {
          "line": 74,
          "column": 47
        }
      },
      "46": {
        "start": {
          "line": 76,
          "column": 4
        },
        "end": {
          "line": 76,
          "column": 22
        }
      },
      "47": {
        "start": {
          "line": 78,
          "column": 2
        },
        "end": {
          "line": 80,
          "column": 26
        }
      },
      "48": {
        "start": {
          "line": 79,
          "column": 4
        },
        "end": {
          "line": 79,
          "column": 24
        }
      },
      "49": {
        "start": {
          "line": 81,
          "column": 27
        },
        "end": {
          "line": 95,
          "column": 3
        }
      },
      "50": {
        "start": {
          "line": 82,
          "column": 4
        },
        "end": {
          "line": 94,
          "column": 5
        }
      },
      "51": {
        "start": {
          "line": 83,
          "column": 6
        },
        "end": {
          "line": 83,
          "column": 26
        }
      },
      "52": {
        "start": {
          "line": 84,
          "column": 6
        },
        "end": {
          "line": 84,
          "column": 27
        }
      },
      "53": {
        "start": {
          "line": 85,
          "column": 6
        },
        "end": {
          "line": 87,
          "column": 7
        }
      },
      "54": {
        "start": {
          "line": 86,
          "column": 8
        },
        "end": {
          "line": 86,
          "column": 35
        }
      },
      "55": {
        "start": {
          "line": 89,
          "column": 6
        },
        "end": {
          "line": 89,
          "column": 26
        }
      },
      "56": {
        "start": {
          "line": 90,
          "column": 6
        },
        "end": {
          "line": 90,
          "column": 27
        }
      },
      "57": {
        "start": {
          "line": 91,
          "column": 6
        },
        "end": {
          "line": 93,
          "column": 7
        }
      },
      "58": {
        "start": {
          "line": 92,
          "column": 8
        },
        "end": {
          "line": 92,
          "column": 38
        }
      },
      "59": {
        "start": {
          "line": 96,
          "column": 26
        },
        "end": {
          "line": 107,
          "column": 3
        }
      },
      "60": {
        "start": {
          "line": 97,
          "column": 4
        },
        "end": {
          "line": 106,
          "column": 5
        }
      },
      "61": {
        "start": {
          "line": 98,
          "column": 6
        },
        "end": {
          "line": 98,
          "column": 26
        }
      },
      "62": {
        "start": {
          "line": 99,
          "column": 6
        },
        "end": {
          "line": 99,
          "column": 21
        }
      },
      "63": {
        "start": {
          "line": 100,
          "column": 6
        },
        "end": {
          "line": 100,
          "column": 29
        }
      },
      "64": {
        "start": {
          "line": 101,
          "column": 6
        },
        "end": {
          "line": 103,
          "column": 7
        }
      },
      "65": {
        "start": {
          "line": 102,
          "column": 8
        },
        "end": {
          "line": 102,
          "column": 35
        }
      },
      "66": {
        "start": {
          "line": 105,
          "column": 6
        },
        "end": {
          "line": 105,
          "column": 21
        }
      },
      "67": {
        "start": {
          "line": 108,
          "column": 2
        },
        "end": {
          "line": 206,
          "column": 11
        }
      },
      "68": {
        "start": {
          "line": 208,
          "column": 0
        },
        "end": {
          "line": 210,
          "column": 3
        }
      },
      "69": {
        "start": {
          "line": 209,
          "column": 2
        },
        "end": {
          "line": 209,
          "column": 26
        }
      },
      "70": {
        "start": {
          "line": 211,
          "column": 0
        },
        "end": {
          "line": 211,
          "column": 10
        }
      },
      "71": {
        "start": {
          "line": 214,
          "column": 0
        },
        "end": {
          "line": 214,
          "column": 25
        }
      },
      "72": {
        "start": {
          "line": 215,
          "column": 0
        },
        "end": {
          "line": 231,
          "column": 1
        }
      },
      "73": {
        "start": {
          "line": 216,
          "column": 2
        },
        "end": {
          "line": 216,
          "column": 39
        }
      },
      "74": {
        "start": {
          "line": 217,
          "column": 2
        },
        "end": {
          "line": 217,
          "column": 39
        }
      },
      "75": {
        "start": {
          "line": 218,
          "column": 2
        },
        "end": {
          "line": 230,
          "column": 5
        }
      },
      "76": {
        "start": {
          "line": 222,
          "column": 4
        },
        "end": {
          "line": 222,
          "column": 130
        }
      },
      "77": {
        "start": {
          "line": 223,
          "column": 4
        },
        "end": {
          "line": 229,
          "column": 7
        }
      },
      "78": {
        "start": {
          "line": 224,
          "column": 6
        },
        "end": {
          "line": 225,
          "column": 15
        }
      },
      "79": {
        "start": {
          "line": 225,
          "column": 8
        },
        "end": {
          "line": 225,
          "column": 15
        }
      },
      "80": {
        "start": {
          "line": 226,
          "column": 32
        },
        "end": {
          "line": 226,
          "column": 115
        }
      },
      "81": {
        "start": {
          "line": 227,
          "column": 6
        },
        "end": {
          "line": 228,
          "column": 54
        }
      },
      "82": {
        "start": {
          "line": 228,
          "column": 8
        },
        "end": {
          "line": 228,
          "column": 54
        }
      }
    },
    "fnMap": {
      "0": {
        "name": "(anonymous_0)",
        "decl": {
          "start": {
            "line": 11,
            "column": 24
          },
          "end": {
            "line": 11,
            "column": 25
          }
        },
        "loc": {
          "start": {
            "line": 11,
            "column": 38
          },
          "end": {
            "line": 13,
            "column": 3
          }
        },
        "line": 11
      },
      "1": {
        "name": "Card",
        "decl": {
          "start": {
            "line": 24,
            "column": 9
          },
          "end": {
            "line": 24,
            "column": 13
          }
        },
        "loc": {
          "start": {
            "line": 29,
            "column": 3
          },
          "end": {
            "line": 207,
            "column": 1
          }
        },
        "line": 29
      },
      "2": {
        "name": "(anonymous_2)",
        "decl": {
          "start": {
            "line": 42,
            "column": 40
          },
          "end": {
            "line": 42,
            "column": 41
          }
        },
        "loc": {
          "start": {
            "line": 42,
            "column": 46
          },
          "end": {
            "line": 67,
            "column": 3
          }
        },
        "line": 42
      },
      "3": {
        "name": "(anonymous_3)",
        "decl": {
          "start": {
            "line": 68,
            "column": 26
          },
          "end": {
            "line": 68,
            "column": 27
          }
        },
        "loc": {
          "start": {
            "line": 68,
            "column": 32
          },
          "end": {
            "line": 77,
            "column": 3
          }
        },
        "line": 68
      },
      "4": {
        "name": "(anonymous_4)",
        "decl": {
          "start": {
            "line": 78,
            "column": 12
          },
          "end": {
            "line": 78,
            "column": 13
          }
        },
        "loc": {
          "start": {
            "line": 78,
            "column": 18
          },
          "end": {
            "line": 80,
            "column": 3
          }
        },
        "line": 78
      },
      "5": {
        "name": "(anonymous_5)",
        "decl": {
          "start": {
            "line": 81,
            "column": 27
          },
          "end": {
            "line": 81,
            "column": 28
          }
        },
        "loc": {
          "start": {
            "line": 81,
            "column": 33
          },
          "end": {
            "line": 95,
            "column": 3
          }
        },
        "line": 81
      },
      "6": {
        "name": "(anonymous_6)",
        "decl": {
          "start": {
            "line": 96,
            "column": 26
          },
          "end": {
            "line": 96,
            "column": 27
          }
        },
        "loc": {
          "start": {
            "line": 96,
            "column": 32
          },
          "end": {
            "line": 107,
            "column": 3
          }
        },
        "line": 96
      },
      "7": {
        "name": "(anonymous_7)",
        "decl": {
          "start": {
            "line": 208,
            "column": 48
          },
          "end": {
            "line": 208,
            "column": 49
          }
        },
        "loc": {
          "start": {
            "line": 208,
            "column": 59
          },
          "end": {
            "line": 210,
            "column": 1
          }
        },
        "line": 208
      },
      "8": {
        "name": "(anonymous_8)",
        "decl": {
          "start": {
            "line": 221,
            "column": 9
          },
          "end": {
            "line": 221,
            "column": 10
          }
        },
        "loc": {
          "start": {
            "line": 221,
            "column": 29
          },
          "end": {
            "line": 230,
            "column": 3
          }
        },
        "line": 221
      },
      "9": {
        "name": "(anonymous_9)",
        "decl": {
          "start": {
            "line": 223,
            "column": 27
          },
          "end": {
            "line": 223,
            "column": 28
          }
        },
        "loc": {
          "start": {
            "line": 223,
            "column": 44
          },
          "end": {
            "line": 229,
            "column": 5
          }
        },
        "line": 223
      }
    },
    "branchMap": {
      "0": {
        "loc": {
          "start": {
            "line": 5,
            "column": 0
          },
          "end": {
            "line": 15,
            "column": 1
          }
        },
        "type": "if",
        "locations": [
          {
            "start": {
              "line": 5,
              "column": 0
            },
            "end": {
              "line": 15,
              "column": 1
            }
          },
          {
            "start": {},
            "end": {}
          }
        ],
        "line": 5
      },
      "1": {
        "loc": {
          "start": {
            "line": 6,
            "column": 2
          },
          "end": {
            "line": 8,
            "column": 3
          }
        },
        "type": "if",
        "locations": [
          {
            "start": {
              "line": 6,
              "column": 2
            },
            "end": {
              "line": 8,
              "column": 3
            }
          },
          {
            "start": {},
            "end": {}
          }
        ],
        "line": 6
      },
      "2": {
        "loc": {
          "start": {
            "line": 44,
            "column": 4
          },
          "end": {
            "line": 49,
            "column": 5
          }
        },
        "type": "if",
        "locations": [
          {
            "start": {
              "line": 44,
              "column": 4
            },
            "end": {
              "line": 49,
              "column": 5
            }
          },
          {
            "start": {},
            "end": {}
          }
        ],
        "line": 44
      },
      "3": {
        "loc": {
          "start": {
            "line": 44,
            "column": 8
          },
          "end": {
            "line": 44,
            "column": 64
          }
        },
        "type": "binary-expr",
        "locations": [
          {
            "start": {
              "line": 44,
              "column": 8
            },
            "end": {
              "line": 44,
              "column": 17
            }
          },
          {
            "start": {
              "line": 44,
              "column": 21
            },
            "end": {
              "line": 44,
              "column": 43
            }
          },
          {
            "start": {
              "line": 44,
              "column": 47
            },
            "end": {
              "line": 44,
              "column": 64
            }
          }
        ],
        "line": 44
      },
      "4": {
        "loc": {
          "start": {
            "line": 46,
            "column": 6
          },
          "end": {
            "line": 48,
            "column": 7
          }
        },
        "type": "if",
        "locations": [
          {
            "start": {
              "line": 46,
              "column": 6
            },
            "end": {
              "line": 48,
              "column": 7
            }
          },
          {
            "start": {},
            "end": {}
          }
        ],
        "line": 46
      },
      "5": {
        "loc": {
          "start": {
            "line": 50,
            "column": 19
          },
          "end": {
            "line": 50,
            "column": 35
          }
        },
        "type": "cond-expr",
        "locations": [
          {
            "start": {
              "line": 50,
              "column": 30
            },
            "end": {
              "line": 50,
              "column": 31
            }
          },
          {
            "start": {
              "line": 50,
              "column": 34
            },
            "end": {
              "line": 50,
              "column": 35
            }
          }
        ],
        "line": 50
      },
      "6": {
        "loc": {
          "start": {
            "line": 52,
            "column": 4
          },
          "end": {
            "line": 57,
            "column": 5
          }
        },
        "type": "if",
        "locations": [
          {
            "start": {
              "line": 52,
              "column": 4
            },
            "end": {
              "line": 57,
              "column": 5
            }
          },
          {
            "start": {},
            "end": {}
          }
        ],
        "line": 52
      },
      "7": {
        "loc": {
          "start": {
            "line": 52,
            "column": 8
          },
          "end": {
            "line": 52,
            "column": 38
          }
        },
        "type": "binary-expr",
        "locations": [
          {
            "start": {
              "line": 52,
              "column": 8
            },
            "end": {
              "line": 52,
              "column": 17
            }
          },
          {
            "start": {
              "line": 52,
              "column": 21
            },
            "end": {
              "line": 52,
              "column": 38
            }
          }
        ],
        "line": 52
      },
      "8": {
        "loc": {
          "start": {
            "line": 54,
            "column": 6
          },
          "end": {
            "line": 56,
            "column": 7
          }
        },
        "type": "if",
        "locations": [
          {
            "start": {
              "line": 54,
              "column": 6
            },
            "end": {
              "line": 56,
              "column": 7
            }
          },
          {
            "start": {},
            "end": {}
          }
        ],
        "line": 54
      },
      "9": {
        "loc": {
          "start": {
            "line": 58,
            "column": 19
          },
          "end": {
            "line": 58,
            "column": 36
          }
        },
        "type": "cond-expr",
        "locations": [
          {
            "start": {
              "line": 58,
              "column": 31
            },
            "end": {
              "line": 58,
              "column": 32
            }
          },
          {
            "start": {
              "line": 58,
              "column": 35
            },
            "end": {
              "line": 58,
              "column": 36
            }
          }
        ],
        "line": 58
      },
      "10": {
        "loc": {
          "start": {
            "line": 59,
            "column": 4
          },
          "end": {
            "line": 61,
            "column": 5
          }
        },
        "type": "if",
        "locations": [
          {
            "start": {
              "line": 59,
              "column": 4
            },
            "end": {
              "line": 61,
              "column": 5
            }
          },
          {
            "start": {},
            "end": {}
          }
        ],
        "line": 59
      },
      "11": {
        "loc": {
          "start": {
            "line": 63,
            "column": 4
          },
          "end": {
            "line": 65,
            "column": 5
          }
        },
        "type": "if",
        "locations": [
          {
            "start": {
              "line": 63,
              "column": 4
            },
            "end": {
              "line": 65,
              "column": 5
            }
          },
          {
            "start": {},
            "end": {}
          }
        ],
        "line": 63
      },
      "12": {
        "loc": {
          "start": {
            "line": 70,
            "column": 4
          },
          "end": {
            "line": 75,
            "column": 5
          }
        },
        "type": "if",
        "locations": [
          {
            "start": {
              "line": 70,
              "column": 4
            },
            "end": {
              "line": 75,
              "column": 5
            }
          },
          {
            "start": {},
            "end": {}
          }
        ],
        "line": 70
      },
      "13": {
        "loc": {
          "start": {
            "line": 70,
            "column": 8
          },
          "end": {
            "line": 70,
            "column": 38
          }
        },
        "type": "binary-expr",
        "locations": [
          {
            "start": {
              "line": 70,
              "column": 8
            },
            "end": {
              "line": 70,
              "column": 17
            }
          },
          {
            "start": {
              "line": 70,
              "column": 21
            },
            "end": {
              "line": 70,
              "column": 38
            }
          }
        ],
        "line": 70
      },
      "14": {
        "loc": {
          "start": {
            "line": 71,
            "column": 6
          },
          "end": {
            "line": 73,
            "column": 7
          }
        },
        "type": "if",
        "locations": [
          {
            "start": {
              "line": 71,
              "column": 6
            },
            "end": {
              "line": 73,
              "column": 7
            }
          },
          {
            "start": {},
            "end": {}
          }
        ],
        "line": 71
      },
      "15": {
        "loc": {
          "start": {
            "line": 82,
            "column": 4
          },
          "end": {
            "line": 94,
            "column": 5
          }
        },
        "type": "if",
        "locations": [
          {
            "start": {
              "line": 82,
              "column": 4
            },
            "end": {
              "line": 94,
              "column": 5
            }
          },
          {
            "start": {
              "line": 88,
              "column": 11
            },
            "end": {
              "line": 94,
              "column": 5
            }
          }
        ],
        "line": 82
      },
      "16": {
        "loc": {
          "start": {
            "line": 85,
            "column": 6
          },
          "end": {
            "line": 87,
            "column": 7
          }
        },
        "type": "if",
        "locations": [
          {
            "start": {
              "line": 85,
              "column": 6
            },
            "end": {
              "line": 87,
              "column": 7
            }
          },
          {
            "start": {},
            "end": {}
          }
        ],
        "line": 85
      },
      "17": {
        "loc": {
          "start": {
            "line": 85,
            "column": 10
          },
          "end": {
            "line": 85,
            "column": 56
          }
        },
        "type": "binary-expr",
        "locations": [
          {
            "start": {
              "line": 85,
              "column": 10
            },
            "end": {
              "line": 85,
              "column": 19
            }
          },
          {
            "start": {
              "line": 85,
              "column": 23
            },
            "end": {
              "line": 85,
              "column": 40
            }
          },
          {
            "start": {
              "line": 85,
              "column": 44
            },
            "end": {
              "line": 85,
              "column": 56
            }
          }
        ],
        "line": 85
      },
      "18": {
        "loc": {
          "start": {
            "line": 91,
            "column": 6
          },
          "end": {
            "line": 93,
            "column": 7
          }
        },
        "type": "if",
        "locations": [
          {
            "start": {
              "line": 91,
              "column": 6
            },
            "end": {
              "line": 93,
              "column": 7
            }
          },
          {
            "start": {},
            "end": {}
          }
        ],
        "line": 91
      },
      "19": {
        "loc": {
          "start": {
            "line": 91,
            "column": 10
          },
          "end": {
            "line": 91,
            "column": 59
          }
        },
        "type": "binary-expr",
        "locations": [
          {
            "start": {
              "line": 91,
              "column": 10
            },
            "end": {
              "line": 91,
              "column": 19
            }
          },
          {
            "start": {
              "line": 91,
              "column": 23
            },
            "end": {
              "line": 91,
              "column": 40
            }
          },
          {
            "start": {
              "line": 91,
              "column": 44
            },
            "end": {
              "line": 91,
              "column": 59
            }
          }
        ],
        "line": 91
      },
      "20": {
        "loc": {
          "start": {
            "line": 97,
            "column": 4
          },
          "end": {
            "line": 106,
            "column": 5
          }
        },
        "type": "if",
        "locations": [
          {
            "start": {
              "line": 97,
              "column": 4
            },
            "end": {
              "line": 106,
              "column": 5
            }
          },
          {
            "start": {
              "line": 104,
              "column": 11
            },
            "end": {
              "line": 106,
              "column": 5
            }
          }
        ],
        "line": 97
      },
      "21": {
        "loc": {
          "start": {
            "line": 101,
            "column": 6
          },
          "end": {
            "line": 103,
            "column": 7
          }
        },
        "type": "if",
        "locations": [
          {
            "start": {
              "line": 101,
              "column": 6
            },
            "end": {
              "line": 103,
              "column": 7
            }
          },
          {
            "start": {},
            "end": {}
          }
        ],
        "line": 101
      },
      "22": {
        "loc": {
          "start": {
            "line": 101,
            "column": 10
          },
          "end": {
            "line": 101,
            "column": 56
          }
        },
        "type": "binary-expr",
        "locations": [
          {
            "start": {
              "line": 101,
              "column": 10
            },
            "end": {
              "line": 101,
              "column": 19
            }
          },
          {
            "start": {
              "line": 101,
              "column": 23
            },
            "end": {
              "line": 101,
              "column": 40
            }
          },
          {
            "start": {
              "line": 101,
              "column": 44
            },
            "end": {
              "line": 101,
              "column": 56
            }
          }
        ],
        "line": 101
      },
      "23": {
        "loc": {
          "start": {
            "line": 108,
            "column": 54
          },
          "end": {
            "line": 202,
            "column": 10
          }
        },
        "type": "binary-expr",
        "locations": [
          {
            "start": {
              "line": 108,
              "column": 54
            },
            "end": {
              "line": 108,
              "column": 63
            }
          },
          {
            "start": {
              "line": 108,
              "column": 67
            },
            "end": {
              "line": 108,
              "column": 84
            }
          },
          {
            "start": {
              "line": 108,
              "column": 88
            },
            "end": {
              "line": 108,
              "column": 95
            }
          },
          {
            "start": {
              "line": 108,
              "column": 115
            },
            "end": {
              "line": 202,
              "column": 10
            }
          }
        ],
        "line": 108
      },
      "24": {
        "loc": {
          "start": {
            "line": 121,
            "column": 82
          },
          "end": {
            "line": 121,
            "column": 152
          }
        },
        "type": "cond-expr",
        "locations": [
          {
            "start": {
              "line": 121,
              "column": 113
            },
            "end": {
              "line": 121,
              "column": 132
            }
          },
          {
            "start": {
              "line": 121,
              "column": 135
            },
            "end": {
              "line": 121,
              "column": 152
            }
          }
        ],
        "line": 121
      },
      "25": {
        "loc": {
          "start": {
            "line": 215,
            "column": 0
          },
          "end": {
            "line": 231,
            "column": 1
          }
        },
        "type": "if",
        "locations": [
          {
            "start": {
              "line": 215,
              "column": 0
            },
            "end": {
              "line": 231,
              "column": 1
            }
          },
          {
            "start": {},
            "end": {}
          }
        ],
        "line": 215
      },
      "26": {
        "loc": {
          "start": {
            "line": 224,
            "column": 6
          },
          "end": {
            "line": 225,
            "column": 15
          }
        },
        "type": "if",
        "locations": [
          {
            "start": {
              "line": 224,
              "column": 6
            },
            "end": {
              "line": 225,
              "column": 15
            }
          },
          {
            "start": {},
            "end": {}
          }
        ],
        "line": 224
      },
      "27": {
        "loc": {
          "start": {
            "line": 227,
            "column": 6
          },
          "end": {
            "line": 228,
            "column": 54
          }
        },
        "type": "if",
        "locations": [
          {
            "start": {
              "line": 227,
              "column": 6
            },
            "end": {
              "line": 228,
              "column": 54
            }
          },
          {
            "start": {},
            "end": {}
          }
        ],
        "line": 227
      }
    },
    "s": {
      "0": 86,
      "1": 86,
      "2": 0,
      "3": 86,
      "4": 86,
      "5": 86,
      "6": 86,
      "7": 86,
      "8": 86,
      "9": 3251,
      "10": 3251,
      "11": 3251,
      "12": 3251,
      "13": 3251,
      "14": 3251,
      "15": 3251,
      "16": 3251,
      "17": 3251,
      "18": 3251,
      "19": 3251,
      "20": 3251,
      "21": 3251,
      "22": 2732,
      "23": 2732,
      "24": 2732,
      "25": 2732,
      "26": 2732,
      "27": 2732,
      "28": 2732,
      "29": 2732,
      "30": 2732,
      "31": 2732,
      "32": 2732,
      "33": 2732,
      "34": 2732,
      "35": 5,
      "36": 2732,
      "37": 2732,
      "38": 28,
      "39": 2732,
      "40": 3251,
      "41": 19,
      "42": 19,
      "43": 19,
      "44": 4,
      "45": 19,
      "46": 19,
      "47": 3251,
      "48": 2732,
      "49": 3251,
      "50": 5,
      "51": 5,
      "52": 5,
      "53": 5,
      "54": 5,
      "55": 0,
      "56": 0,
      "57": 0,
      "58": 0,
      "59": 3251,
      "60": 19,
      "61": 19,
      "62": 19,
      "63": 19,
      "64": 19,
      "65": 19,
      "66": 0,
      "67": 3251,
      "68": 86,
      "69": 66,
      "70": 86,
      "71": 86,
      "72": 86,
      "73": 86,
      "74": 86,
      "75": 86,
      "76": 66,
      "77": 66,
      "78": 0,
      "79": 0,
      "80": 0,
      "81": 0,
      "82": 0
    },
    "f": {
      "0": 86,
      "1": 3251,
      "2": 2732,
      "3": 19,
      "4": 2732,
      "5": 5,
      "6": 19,
      "7": 66,
      "8": 66,
      "9": 0
    },
    "b": {
      "0": [
        86,
        0
      ],
      "1": [
        0,
        86
      ],
      "2": [
        2732,
        0
      ],
      "3": [
        2732,
        2732,
        2732
      ],
      "4": [
        2732,
        0
      ],
      "5": [
        5,
        2727
      ],
      "6": [
        2732,
        0
      ],
      "7": [
        2732,
        2732
      ],
      "8": [
        2732,
        0
      ],
      "9": [
        28,
        2704
      ],
      "10": [
        5,
        2727
      ],
      "11": [
        28,
        2704
      ],
      "12": [
        19,
        0
      ],
      "13": [
        19,
        19
      ],
      "14": [
        4,
        15
      ],
      "15": [
        5,
        0
      ],
      "16": [
        5,
        0
      ],
      "17": [
        5,
        5,
        5
      ],
      "18": [
        0,
        0
      ],
      "19": [
        0,
        0,
        0
      ],
      "20": [
        19,
        0
      ],
      "21": [
        19,
        0
      ],
      "22": [
        19,
        19,
        19
      ],
      "23": [
        3251,
        3251,
        3251,
        null
      ],
      "24": [
        1000,
        1531
      ],
      "25": [
        86,
        0
      ],
      "26": [
        0,
        0
      ],
      "27": [
        0,
        0
      ]
    },
    "inputSourceMap": {
      "version": 3,
      "mappings": "AA8FI,mBAKU,cALV;;;;;;;;;;;;;;;;AA9FJ,SAAgBA,UAAUC,WAAWC,mBAAmB;AAExD,OAAOC,eAAe;AACtB,OAAOC,eAAe;AACtB,OAAOC,yBAAyB;AAChC,OAAOC,yBAAyB;AAChC,SAASC,sBAAsB;AAC/B,SAASC,gBAAgB;AAEzB,SAASC,KAAK;AAAA,EAAEC;AAAAA,EAASC;AAAAA,EAAWC;AAAAA,EAAgBC;AAAiC,GAAG;AAAAC;AACtF,QAAM,CAACC,OAAOC,QAAQ,IAAIhB,SAAS,CAAC;AACpC,QAAM,CAACiB,OAAOC,QAAQ,IAAIlB,SAAS,CAAC;AACpC,QAAM,CAACmB,MAAMC,OAAO,IAAIpB,SAAS,KAAK;AACtC,QAAM,CAACqB,SAASC,UAAU,IAAItB,SAAS,KAAK;AAC5C,QAAM,CAACuB,UAAUC,WAAW,IAAIxB,SAAS,KAAK;AAC9C,QAAMyB,gBAAgBpB,oBAAoB,MAAM;AAChD,QAAMqB,eAAerB,oBAAoB,KAAK;AAC9C,QAAMsB,kBAAkBtB,oBAAoB,QAAQ;AACpD,QAAMuB,gBAAgBtB,oBAAoB,MAAM;AAChD,QAAMuB,eAAevB,oBAAoB,KAAK;AAC9C,QAAMwB,WAAWvB,eAAc;AAE/B,QAAMwB,oBAAoB7B,YAAY,MAAM;AAC1C,QAAImB,WAAU;AACd,QAAIV,aAAa,EAAE,UAAUA,cAAc,QAAQA,WAAW;AAC5D,YAAMqB,QAAQP,cAAcd,UAAUsB,EAAE;AACxC,UAAI,OAAOD,UAAU,WAAW;AAC9BX,mBAAUW;AAAAA,MACZ;AAAA,IACF;AACA,UAAMjB,SAAQM,WAAU,IAAI;AAC5B,QAAIE,YAAW;AACf,QAAIZ,aAAa,QAAQA,WAAW;AAClC,YAAMuB,SAASN,cAAcjB,UAAUsB,EAAE;AACzC,UAAI,OAAOC,WAAW,WAAW;AAC/BX,oBAAWW;AAAAA,MACb;AAAA,IACF;AACA,UAAMjB,SAAQM,YAAW,IAAI;AAC7B,QAAIF,UAAS;AACXC,iBAAWD,QAAO;AAAA,IACpB;AACAL,aAASD,MAAK;AACd,QAAIQ,WAAU;AACZC,kBAAYD,SAAQ;AAAA,IACtB;AACAL,aAASD,MAAK;AAAA,EAChB,GAAG,CAACN,WAAWc,eAAeG,aAAa,CAAC;AAE5C,QAAMO,kBAAkBA,MAAM;AAC5BvB,mBAAe,IAAI;AACnB,QAAID,aAAa,QAAQA,WAAW;AAClC,UAAIE,sBAAsB;AACxBA,6BAAqBF,SAAS;AAAA,MAChC;AACAmB,eAAStB,SAAS4B,OAAOzB,UAAUsB,EAAE,CAAC,CAAC;AAAA,IACzC;AACAI,oBAAe;AAAA,EACjB;AAEApC,YAAU,MAAM;AACd8B,sBAAiB;AAAA,EACnB,GAAG,CAACA,iBAAiB,CAAC;AAEtB,QAAMO,mBAAmBA,MAAM;AAC7B,QAAI,CAACjB,SAAS;AACZL,eAASD,QAAQ,CAAC;AAClBO,iBAAW,CAACD,OAAO;AACnB,UAAIV,aAAa,QAAQA,aAAae,cAAc;AAClDA,qBAAaf,UAAUsB,EAAE;AAAA,MAC3B;AAAA,IACF,OAAO;AACLjB,eAASD,QAAQ,CAAC;AAClBO,iBAAW,CAACD,OAAO;AACnB,UAAIV,aAAa,QAAQA,aAAagB,iBAAiB;AACrDA,wBAAgBhB,UAAUsB,EAAE;AAAA,MAC9B;AAAA,IACF;AAAA,EACF;AAEA,QAAMI,kBAAkBA,MAAM;AAC5B,QAAI,CAACd,UAAU;AACbL,eAASD,QAAQ,CAAC;AAClBG,cAAQ,CAACD,IAAI;AACbK,kBAAY,CAACD,QAAQ;AACrB,UAAIZ,aAAa,QAAQA,aAAakB,cAAc;AAClDA,qBAAalB,UAAUsB,EAAE;AAAA,MAC3B;AAAA,IACF,OAAO;AACLb,cAAQ,CAACD,IAAI;AAAA,IACf;AAAA,EACF;AAEA,SACE,mCACGR,uBAAa,QAAQA,aAAaD,WACjC,uBAAC,SAAI,WAAU,QAAO,eAAY,QAAO,SAASyB,iBAChD;AAAA,2BAAC,SAAI,WAAU,uBACb,iCAAC,SACC;AAAA,6BAAC,SAAI,WAAU,cAAa,KAAKxB,UAAU4B,OAAO,KAAI,gBAAe,SAAQ,UAA7E;AAAA;AAAA;AAAA;AAAA,aAAmF;AAAA,MACnF,uBAAC,QAAG,WAAU,eAAe5B,oBAAU6B,QAAvC;AAAA;AAAA;AAAA;AAAA,aAA4C;AAAA,MAC5C,uBAAC,UAAK,WAAU,iBACd;AAAA,+BAAC,UACC,eAAY,eACZ,WAAW7B,UAAU8B,WAAW,UAAU,sBAAsB,qBAFlE;AAAA;AAAA;AAAA;AAAA,eAGC;AAAA,QACD,uBAAC,YACE9B;AAAAA,oBAAU8B;AAAAA,UAAO;AAAA,UAAI9B,UAAU+B;AAAAA,aADlC;AAAA;AAAA;AAAA;AAAA,eAEA;AAAA,WAPF;AAAA;AAAA;AAAA;AAAA,aAQA;AAAA,SAXF;AAAA;AAAA;AAAA;AAAA,WAYA,KAbF;AAAA;AAAA;AAAA;AAAA,WAcA;AAAA,IACA,uBAAC,SACC;AAAA,6BAAC,QAAG,WAAU,QAAd;AAAA;AAAA;AAAA;AAAA,aAAmB;AAAA,MACnB,uBAAC,SAAI,WAAU,uBACb;AAAA,+BAAC,SAAI,WAAU,eACb;AAAA,iCAAC,SACC,WAAU,YACV,KAAKtC,WACL,KAAI,cACJ,SAASkC,oBAJX;AAAA;AAAA;AAAA;AAAA,iBAI4B;AAAA,UAE5B,uBAAC,YAAO,WAAU,oBAAmB,eAAY,SAC9CvB,mBADH;AAAA;AAAA;AAAA;AAAA,iBAEA;AAAA,aATF;AAAA;AAAA;AAAA;AAAA,eAUA;AAAA,QACA,uBAAC,SAAI,WAAU,eACb;AAAA,iCAAC,SAAI,WAAU,aAAY,KAAKZ,WAAW,KAAI,eAAc,SAAQ,UAArE;AAAA;AAAA;AAAA;AAAA,iBAA2E;AAAA,UAC3E,uBAAC,YAAO,WAAU,oBAAmB,eAAY,SAC9Cc,mBADH;AAAA;AAAA;AAAA;AAAA,iBAEA;AAAA,aAJF;AAAA;AAAA;AAAA;AAAA,eAKA;AAAA,WAjBF;AAAA;AAAA;AAAA;AAAA,aAkBA;AAAA,SApBF;AAAA;AAAA;AAAA;AAAA,WAqBA;AAAA,OArCF;AAAA;AAAA;AAAA;AAAA,SAsCA,KAxCJ;AAAA;AAAA;AAAA;AAAA,SA0CA;AAEJ;AAACH,GAjIQL,MAAI;AAAA,UAWMF,cAAc;AAAA;AAAAoC,KAXxBlC;AAmIT,eAAeA;AAAK;AAAAmC",
      "names": [
        "useState",
        "useEffect",
        "useCallback",
        "viewsIcon",
        "likesIcon",
        "StateLikeRepository",
        "StateViewRepository",
        "useAppDispatch",
        "updateId",
        "Card",
        "canDraw",
        "character",
        "setModalActive",
        "onCharacterCardClick",
        "_s",
        "likes",
        "setLikes",
        "views",
        "setViews",
        "info",
        "setInfo",
        "isLiked",
        "setIsLiked",
        "isViewed",
[...]
          "column": 0
        },
        "end": {
          "line": 53,
          "column": 33
        }
      },
      "11": {
        "start": {
          "line": 54,
          "column": 0
        },
        "end": {
          "line": 70,
          "column": 1
        }
      },
      "12": {
        "start": {
          "line": 55,
          "column": 2
        },
        "end": {
          "line": 55,
          "column": 39
        }
      },
      "13": {
        "start": {
          "line": 56,
          "column": 2
        },
        "end": {
          "line": 56,
          "column": 39
        }
      },
      "14": {
        "start": {
          "line": 57,
          "column": 2
        },
        "end": {
          "line": 69,
          "column": 5
        }
      },
      "15": {
        "start": {
          "line": 61,
          "column": 4
        },
        "end": {
          "line": 61,
          "column": 138
        }
      },
      "16": {
        "start": {
          "line": 62,
          "column": 4
        },
        "end": {
          "line": 68,
          "column": 7
        }
      },
      "17": {
        "start": {
          "line": 63,
          "column": 6
        },
        "end": {
          "line": 64,
          "column": 15
        }
      },
      "18": {
        "start": {
          "line": 64,
          "column": 8
        },
        "end": {
          "line": 64,
          "column": 15
        }
      },
      "19": {
        "start": {
          "line": 65,
          "column": 32
        },
        "end": {
          "line": 65,
          "column": 115
        }
      },
      "20": {
        "start": {
          "line": 66,
          "column": 6
        },
        "end": {
          "line": 67,
          "column": 54
        }
      },
      "21": {
        "start": {
          "line": 67,
          "column": 8
        },
        "end": {
          "line": 67,
          "column": 54
        }
      }
    },
    "fnMap": {
      "0": {
        "name": "(anonymous_0)",
        "decl": {
          "start": {
            "line": 11,
            "column": 24
          },
          "end": {
            "line": 11,
            "column": 25
          }
        },
        "loc": {
          "start": {
            "line": 11,
            "column": 38
          },
          "end": {
            "line": 13,
            "column": 3
          }
        },
        "line": 11
      },
      "1": {
        "name": "ErrorMessage",
        "decl": {
          "start": {
            "line": 17,
            "column": 24
          },
          "end": {
            "line": 17,
            "column": 36
          }
        },
        "loc": {
          "start": {
            "line": 17,
            "column": 39
          },
          "end": {
            "line": 50,
            "column": 1
          }
        },
        "line": 17
      },
      "2": {
        "name": "(anonymous_2)",
        "decl": {
          "start": {
            "line": 60,
            "column": 9
          },
          "end": {
            "line": 60,
            "column": 10
          }
        },
        "loc": {
          "start": {
            "line": 60,
            "column": 29
          },
          "end": {
            "line": 69,
            "column": 3
          }
        },
        "line": 60
      },
      "3": {
        "name": "(anonymous_3)",
        "decl": {
          "start": {
            "line": 62,
            "column": 27
          },
          "end": {
            "line": 62,
            "column": 28
          }
        },
        "loc": {
          "start": {
            "line": 62,
            "column": 44
          },
          "end": {
            "line": 68,
            "column": 5
          }
        },
        "line": 62
      }
    },
    "branchMap": {
      "0": {
        "loc": {
          "start": {
            "line": 5,
            "column": 0
          },
          "end": {
            "line": 15,
            "column": 1
          }
        },
        "type": "if",
        "locations": [
          {
            "start": {
              "line": 5,
              "column": 0
            },
            "end": {
              "line": 15,
              "column": 1
            }
          },
          {
            "start": {},
            "end": {}
          }
        ],
        "line": 5
      },
      "1": {
        "loc": {
          "start": {
            "line": 6,
            "column": 2
          },
          "end": {
            "line": 8,
            "column": 3
          }
        },
        "type": "if",
        "locations": [
          {
            "start": {
              "line": 6,
              "column": 2
            },
            "end": {
              "line": 8,
              "column": 3
            }
          },
          {
            "start": {},
            "end": {}
          }
        ],
        "line": 6
      },
      "2": {
        "loc": {
          "start": {
            "line": 54,
            "column": 0
          },
          "end": {
            "line": 70,
            "column": 1
          }
        },
        "type": "if",
        "locations": [
          {
            "start": {
              "line": 54,
              "column": 0
            },
            "end": {
              "line": 70,
              "column": 1
            }
          },
          {
            "start": {},
            "end": {}
          }
        ],
        "line": 54
      },
      "3": {
        "loc": {
          "start": {
            "line": 63,
            "column": 6
          },
          "end": {
            "line": 64,
            "column": 15
          }
        },
        "type": "if",
        "locations": [
          {
            "start": {
              "line": 63,
              "column": 6
            },
            "end": {
              "line": 64,
              "column": 15
            }
          },
          {
            "start": {},
            "end": {}
          }
        ],
        "line": 63
      },
      "4": {
        "loc": {
          "start": {
            "line": 66,
            "column": 6
          },
          "end": {
            "line": 67,
            "column": 54
          }
        },
        "type": "if",
        "locations": [
          {
            "start": {
              "line": 66,
              "column": 6
            },
            "end": {
              "line": 67,
              "column": 54
            }
          },
          {
            "start": {},
            "end": {}
          }
        ],
        "line": 66
      }
    },
    "s": {
      "0": 41,
      "1": 41,
      "2": 0,
      "3": 41,
      "4": 41,
      "5": 41,
      "6": 41,
      "7": 41,
      "8": 5,
      "9": 41,
      "10": 41,
      "11": 41,
      "12": 41,
      "13": 41,
      "14": 41,
      "15": 31,
      "16": 31,
      "17": 0,
      "18": 0,
      "19": 0,
      "20": 0,
      "21": 0
    },
    "f": {
      "0": 41,
      "1": 5,
      "2": 31,
      "3": 0
    },
    "b": {
      "0": [
        41,
        0
      ],
      "1": [
        0,
        41
      ],
      "2": [
        41,
        0
      ],
      "3": [
        0,
        0
      ],
      "4": [
        0,
        0
      ]
    },
    "inputSourceMap": {
      "version": 3,
      "mappings": "AAOQ;AAPR,OAAOA,oBAAkB;AAAA;AAAA;AAAA;AAAA;AAAA;AAAA;AAAA;AAAA;AAAA;AAAA;AAAA;AAAA;AAAA;AACzB,OAAOC,uBAAuB;AAE9B,wBAAwBC,eAAe;AACrC,SACE,uBAAC,SAAI,eAAY,2BAA0B,WAAU,2BACnD;AAAA,2BAAC,SAAI,WAAU,iBACb;AAAA,6BAAC,SAAI,wCAAL;AAAA;AAAA;AAAA;AAAA,aAA6B;AAAA,MAC7B,uBAAC,SAAI,8BAAL;AAAA;AAAA;AAAA;AAAA,aAAmB;AAAA,MACnB,uBAAC,SAAI,+BAAL;AAAA;AAAA;AAAA;AAAA,aAAoB;AAAA,SAHtB;AAAA;AAAA;AAAA;AAAA,WAIA;AAAA,IACA,uBAAC,SACC,WAAU,kBACV,KAAKD,mBACL,KAAI,qBACJ,SAAQ,UAJV;AAAA;AAAA;AAAA;AAAA,WAIgB;AAAA,OAVlB;AAAA;AAAA;AAAA;AAAA,SAYA;AAEJ;AAACE,KAhBuBD;AAAY;AAAAE",
      "names": [
        "React",
        "characterNotFound",
        "ErrorMessage",
        "_c",
        "$RefreshReg$"
      ],
      "sources": [
        "C:/Users/Max/Documents/git/react-rss/src/components/ErrorMessage.tsx"
      ],
      "file": "C:/Users/Max/Documents/git/react-rss/src/components/ErrorMessage.tsx"
    },
    "_coverageSchema": "1a1c01bbd47fc00a2c39e90264f33305004495a9",
    "hash": "f559dea2eb81b4a5624e5771cce585d0fe73bd31"
  },
  "C:/Users/Max/Documents/git/react-rss/src/components/CardsForm.tsx": {
    "path": "C:/Users/Max/Documents/git/react-rss/src/components/CardsForm.tsx",
    "statementMap": {
      "0": {
        "start": {
          "line": 5,
          "column": 0
        },
        "end": {
          "line": 15,
          "column": 1
        }
      },
      "1": {
        "start": {
          "line": 6,
          "column": 2
        },
        "end": {
          "line": 8,
          "column": 3
        }
      },
      "2": {
        "start": {
          "line": 7,
          "column": 4
        },
        "end": {
          "line": 7,
          "column": 165
        }
      },
      "3": {
        "start": {
          "line": 9,
          "column": 2
        },
        "end": {
          "line": 9,
          "column": 39
        }
      },
      "4": {
        "start": {
          "line": 10,
          "column": 2
        },
        "end": {
          "line": 10,
          "column": 39
        }
      },
      "5": {
        "start": {
          "line": 11,
          "column": 2
        },
        "end": {
          "line": 13,
          "column": 4
        }
      },
      "6": {
        "start": {
          "line": 12,
          "column": 4
        },
        "end": {
          "line": 12,
          "column": 109
        }
      },
      "7": {
        "start": {
          "line": 14,
          "column": 2
        },
        "end": {
          "line": 14,
          "column": 75
        }
      },
      "8": {
        "start": {
          "line": 18,
          "column": 2
        },
        "end": {
          "line": 28,
          "column": 11
        }
      },
      "9": {
        "start": {
          "line": 19,
          "column": 4
        },
        "end": {
          "line": 23,
          "column": 13
        }
      },
      "10": {
        "start": {
          "line": 30,
          "column": 0
        },
        "end": {
          "line": 30,
          "column": 15
        }
      },
      "11": {
        "start": {
          "line": 33,
          "column": 0
        },
        "end": {
          "line": 33,
          "column": 30
        }
      },
      "12": {
        "start": {
          "line": 34,
          "column": 0
        },
        "end": {
          "line": 50,
          "column": 1
        }
      },
      "13": {
        "start": {
          "line": 35,
          "column": 2
        },
        "end": {
          "line": 35,
          "column": 39
        }
      },
      "14": {
        "start": {
          "line": 36,
          "column": 2
        },
        "end": {
          "line": 36,
          "column": 39
        }
      },
      "15": {
        "start": {
          "line": 37,
          "column": 2
        },
        "end": {
          "line": 49,
          "column": 5
        }
      },
      "16": {
        "start": {
          "line": 41,
          "column": 4
        },
        "end": {
          "line": 41,
          "column": 135
        }
      },
      "17": {
        "start": {
          "line": 42,
          "column": 4
        },
        "end": {
          "line": 48,
          "column": 7
        }
      },
      "18": {
        "start": {
          "line": 43,
          "column": 6
        },
        "end": {
          "line": 44,
          "column": 15
        }
      },
      "19": {
        "start": {
          "line": 44,
          "column": 8
        },
        "end": {
          "line": 44,
          "column": 15
        }
      },
      "20": {
        "start": {
          "line": 45,
          "column": 32
        },
        "end": {
          "line": 45,
          "column": 115
        }
      },
      "21": {
        "start": {
          "line": 46,
          "column": 6
        },
        "end": {
          "line": 47,
          "column": 54
        }
      },
      "22": {
        "start": {
          "line": 47,
          "column": 8
        },
        "end": {
          "line": 47,
          "column": 54
        }
      }
    },
    "fnMap": {
      "0": {
        "name": "(anonymous_0)",
        "decl": {
          "start": {
            "line": 11,
            "column": 24
          },
          "end": {
            "line": 11,
            "column": 25
          }
        },
        "loc": {
          "start": {
            "line": 11,
            "column": 38
          },
          "end": {
            "line": 13,
            "column": 3
          }
        },
        "line": 11
      },
      "1": {
        "name": "CardsForm",
        "decl": {
          "start": {
            "line": 17,
            "column": 9
          },
          "end": {
            "line": 17,
            "column": 18
          }
        },
        "loc": {
          "start": {
            "line": 17,
            "column": 26
          },
          "end": {
            "line": 29,
            "column": 1
          }
        },
        "line": 17
      },
      "2": {
        "name": "(anonymous_2)",
        "decl": {
          "start": {
            "line": 18,
            "column": 116
          },
          "end": {
            "line": 18,
            "column": 117
          }
        },
        "loc": {
          "start": {
            "line": 18,
            "column": 131
          },
          "end": {
            "line": 24,
            "column": 3
          }
        },
        "line": 18
      },
      "3": {
        "name": "(anonymous_3)",
        "decl": {
          "start": {
            "line": 40,
            "column": 9
          },
          "end": {
            "line": 40,
            "column": 10
          }
        },
        "loc": {
          "start": {
            "line": 40,
            "column": 29
          },
          "end": {
            "line": 49,
            "column": 3
          }
        },
        "line": 40
      },
      "4": {
        "name": "(anonymous_4)",
        "decl": {
          "start": {
            "line": 42,
            "column": 27
          },
          "end": {
            "line": 42,
            "column": 28
          }
        },
        "loc": {
          "start": {
            "line": 42,
            "column": 44
          },
          "end": {
            "line": 48,
            "column": 5
          }
        },
        "line": 42
      }
    },
    "branchMap": {
      "0": {
        "loc": {
          "start": {
            "line": 5,
            "column": 0
          },
          "end": {
            "line": 15,
            "column": 1
          }
        },
        "type": "if",
        "locations": [
          {
            "start": {
              "line": 5,
              "column": 0
            },
            "end": {
              "line": 15,
              "column": 1
            }
          },
          {
            "start": {},
            "end": {}
          }
        ],
        "line": 5
      },
      "1": {
        "loc": {
          "start": {
            "line": 6,
            "column": 2
          },
          "end": {
            "line": 8,
            "column": 3
          }
        },
        "type": "if",
        "locations": [
          {
            "start": {
              "line": 6,
              "column": 2
            },
            "end": {
              "line": 8,
              "column": 3
            }
          },
          {
            "start": {},
            "end": {}
          }
        ],
        "line": 6
      },
      "2": {
        "loc": {
          "start": {
            "line": 34,
            "column": 0
          },
          "end": {
            "line": 50,
            "column": 1
          }
        },
        "type": "if",
        "locations": [
          {
            "start": {
              "line": 34,
              "column": 0
            },
            "end": {
              "line": 50,
              "column": 1
            }
          },
          {
            "start": {},
            "end": {}
          }
        ],
        "line": 34
      },
      "3": {
        "loc": {
          "start": {
            "line": 43,
            "column": 6
          },
          "end": {
            "line": 44,
            "column": 15
          }
        },
        "type": "if",
        "locations": [
          {
            "start": {
              "line": 43,
              "column": 6
            },
            "end": {
              "line": 44,
              "column": 15
            }
          },
          {
            "start": {},
            "end": {}
          }
        ],
        "line": 43
      },
      "4": {
        "loc": {
          "start": {
            "line": 46,
            "column": 6
          },
          "end": {
            "line": 47,
            "column": 54
          }
        },
        "type": "if",
        "locations": [
          {
            "start": {
              "line": 46,
              "column": 6
            },
            "end": {
              "line": 47,
              "column": 54
            }
          },
          {
            "start": {},
            "end": {}
          }
        ],
        "line": 46
      }
    },
    "s": {
      "0": 38,
      "1": 38,
      "2": 0,
      "3": 38,
      "4": 38,
      "5": 38,
      "6": 38,
      "7": 38,
      "8": 18,
      "9": 6,
      "10": 38,
      "11": 38,
      "12": 38,
      "13": 38,
      "14": 38,
      "15": 38,
      "16": 28,
      "17": 28,
      "18": 0,
      "19": 0,
      "20": 0,
      "21": 0,
      "22": 0
    },
    "f": {
      "0": 38,
      "1": 18,
      "2": 6,
      "3": 28,
      "4": 0
    },
    "b": {
      "0": [
        38,
        0
      ],
      "1": [
        0,
        38
      ],
      "2": [
        38,
        0
      ],
      "3": [
        0,
        0
      ],
      "4": [
        0,
        0
      ]
    },
    "inputSourceMap": {
      "version": 3,
      "mappings": "AAQU;AARV,OAAOA,oBAAkB;AAAA;AAAA;AAAA;AAAA;AAAA;AAAA;AAAA;AAAA;AAAA;AAAA;AAAA;AAAA;AAAA;AAAA;AAGzB,SAASC,UAAUC,OAAwB;AACzC,SACE,uBAAC,SAAI,WAAU,SAAQ,eAAY,SAChCA,gBAAMC,WAAWC,IAAKC,eAAc;AACnC,WACE,uBAAC,QACC,sBAAsBH,MAAMI,sBAC5B,gBAAgBJ,MAAMK,gBACtB,aACKC,OAAOH,UAAUI,EAAE,GAJ1B;AAAA;AAAA;AAAA;AAAA,WAI4B;AAAA,EAGhC,CAAC,KAVH;AAAA;AAAA;AAAA;AAAA,SAWA;AAEJ;AAACC,KAfQT;AAiBT,eAAeA;AAAU;AAAAU",
      "names": [
        "Card",
        "CardsForm",
        "props",
        "characters",
        "map",
        "character",
        "onCharacterCardClick",
        "setModalActive",
        "String",
        "id",
        "_c",
        "$RefreshReg$"
      ],
      "sources": [
        "C:/Users/Max/Documents/git/react-rss/src/components/CardsForm.tsx"
      ],
      "file": "C:/Users/Max/Documents/git/react-rss/src/components/CardsForm.tsx"
    },
    "_coverageSchema": "1a1c01bbd47fc00a2c39e90264f33305004495a9",
    "hash": "3b04354c85257f0c220c20a11447e0fd16cbcc0a"
  },
  "C:/Users/Max/Documents/git/react-rss/src/entry-server.tsx": {
    "path": "C:/Users/Max/Documents/git/react-rss/src/entry-server.tsx",
    "statementMap": {},
    "fnMap": {},
    "branchMap": {},
    "s": {},
    "f": {},
    "b": {}
  },
  "C:/Users/Max/Documents/git/react-rss/src/index.tsx": {
    "path": "C:/Users/Max/Documents/git/react-rss/src/index.tsx",
    "statementMap": {},
    "fnMap": {},
    "branchMap": {},
    "s": {},
    "f": {},
    "b": {}
  },
  "C:/Users/Max/Documents/git/react-rss/src/components/Html.tsx": {
    "path": "C:/Users/Max/Documents/git/react-rss/src/components/Html.tsx",
    "statementMap": {},
    "fnMap": {},
    "branchMap": {},
    "s": {},
    "f": {},
    "b": {}
  }
}
